{
"contracts/interfaces/IRoleContract.sol":{"l":{},"path":"/Users/cartlex/audit/testtask2/1/contracts/interfaces/IRoleContract.sol","s":{},"b":{},"f":{},"fnMap":{},"statementMap":{},"branchMap":{}},
"contracts/investPool.sol":{"l":{"57":3,"58":3,"76":3,"78":3,"79":3,"80":3,"81":3,"82":3,"84":3,"85":3,"86":3,"87":3,"89":3,"97":11,"98":11,"101":11,"103":11,"107":11,"110":11,"116":10,"121":8,"126":7,"128":6,"135":6,"136":6,"137":6,"138":6,"139":6,"141":6,"149":0,"156":3,"157":9,"160":9,"163":9,"165":9,"172":0,"176":0,"177":0,"186":0,"187":0,"188":0,"189":0,"193":0,"199":0,"206":0,"207":0,"208":0,"210":0,"215":0},"path":"/Users/cartlex/audit/testtask2/1/contracts/investPool.sol","s":{"1":3,"2":3,"3":3,"4":11,"5":11,"6":11,"7":11,"8":11,"9":11,"10":10,"11":8,"12":7,"13":6,"14":6,"15":3,"16":0,"17":0,"18":0,"19":0,"20":0},"b":{"1":[3,0],"2":[0,3],"3":[3,0],"4":[10,1],"5":[8,2],"6":[7,1],"7":[6,1],"8":[0,0],"9":[3,0],"10":[0,0],"11":[0,0],"12":[0,0],"13":[0,0],"14":[0,0],"15":[0,0],"16":[0,0],"17":[0,0]},"f":{"1":3,"2":3,"3":11,"4":0,"5":3,"6":0,"7":0,"8":0,"9":0,"10":0,"11":0},"fnMap":{"1":{"name":"onlyManager","line":56,"loc":{"start":{"line":56,"column":4},"end":{"line":59,"column":4}}},"2":{"name":"constructor","line":65,"loc":{"start":{"line":65,"column":4},"end":{"line":90,"column":4}}},"3":{"name":"buy","line":96,"loc":{"start":{"line":96,"column":4},"end":{"line":142,"column":4}}},"4":{"name":"setMaxAmountToSell","line":148,"loc":{"start":{"line":148,"column":4},"end":{"line":150,"column":4}}},"5":{"name":"setRoleSetting","line":154,"loc":{"start":{"line":152,"column":4},"end":{"line":169,"column":4}}},"6":{"name":"setPrice","line":171,"loc":{"start":{"line":171,"column":4},"end":{"line":173,"column":4}}},"7":{"name":"setBaseFee","line":175,"loc":{"start":{"line":175,"column":4},"end":{"line":178,"column":4}}},"8":{"name":"updateSettings","line":185,"loc":{"start":{"line":180,"column":4},"end":{"line":190,"column":4}}},"9":{"name":"depositLPtoken","line":192,"loc":{"start":{"line":192,"column":4},"end":{"line":200,"column":4}}},"10":{"name":"withdrawLPtoken","line":205,"loc":{"start":{"line":202,"column":4},"end":{"line":212,"column":4}}},"11":{"name":"setManager","line":214,"loc":{"start":{"line":214,"column":4},"end":{"line":216,"column":4}}}},"statementMap":{"1":{"start":{"line":57,"column":8},"end":{"line":57,"column":68}},"2":{"start":{"line":76,"column":8},"end":{"line":76,"column":39}},"3":{"start":{"line":89,"column":8},"end":{"line":89,"column":36}},"4":{"start":{"line":97,"column":8},"end":{"line":97,"column":69}},"5":{"start":{"line":98,"column":8},"end":{"line":98,"column":2796}},"6":{"start":{"line":101,"column":8},"end":{"line":101,"column":65}},"7":{"start":{"line":103,"column":8},"end":{"line":103,"column":2960}},"8":{"start":{"line":107,"column":8},"end":{"line":107,"column":3164}},"9":{"start":{"line":110,"column":8},"end":{"line":110,"column":3236}},"10":{"start":{"line":116,"column":8},"end":{"line":116,"column":3453}},"11":{"start":{"line":121,"column":8},"end":{"line":121,"column":3605}},"12":{"start":{"line":126,"column":8},"end":{"line":126,"column":66}},"13":{"start":{"line":128,"column":8},"end":{"line":128,"column":3829}},"14":{"start":{"line":141,"column":8},"end":{"line":141,"column":68}},"15":{"start":{"line":156,"column":8},"end":{"line":156,"column":4811}},"16":{"start":{"line":176,"column":8},"end":{"line":176,"column":39}},"17":{"start":{"line":186,"column":8},"end":{"line":186,"column":36}},"18":{"start":{"line":193,"column":8},"end":{"line":193,"column":6070}},"19":{"start":{"line":206,"column":8},"end":{"line":206,"column":57}},"20":{"start":{"line":207,"column":8},"end":{"line":207,"column":6422}}},"branchMap":{"1":{"line":57,"type":"if","locations":[{"start":{"line":57,"column":8},"end":{"line":57,"column":8}},{"start":{"line":57,"column":8},"end":{"line":57,"column":8}}]},"2":{"line":57,"type":"cond-expr","locations":[{"start":{"line":57,"column":16},"end":{"line":57,"column":36}},{"start":{"line":57,"column":41},"end":{"line":57,"column":61}}]},"3":{"line":76,"type":"if","locations":[{"start":{"line":76,"column":8},"end":{"line":76,"column":8}},{"start":{"line":76,"column":8},"end":{"line":76,"column":8}}]},"4":{"line":110,"type":"if","locations":[{"start":{"line":110,"column":8},"end":{"line":110,"column":8}},{"start":{"line":110,"column":8},"end":{"line":110,"column":8}}]},"5":{"line":116,"type":"if","locations":[{"start":{"line":116,"column":8},"end":{"line":116,"column":8}},{"start":{"line":116,"column":8},"end":{"line":116,"column":8}}]},"6":{"line":121,"type":"if","locations":[{"start":{"line":121,"column":8},"end":{"line":121,"column":8}},{"start":{"line":121,"column":8},"end":{"line":121,"column":8}}]},"7":{"line":126,"type":"if","locations":[{"start":{"line":126,"column":8},"end":{"line":126,"column":8}},{"start":{"line":126,"column":8},"end":{"line":126,"column":8}}]},"8":{"line":148,"type":"if","locations":[{"start":{"line":148,"column":67},"end":{"line":148,"column":67}},{"start":{"line":148,"column":67},"end":{"line":148,"column":67}}]},"9":{"line":154,"type":"if","locations":[{"start":{"line":154,"column":13},"end":{"line":154,"column":13}},{"start":{"line":154,"column":13},"end":{"line":154,"column":13}}]},"10":{"line":171,"type":"if","locations":[{"start":{"line":171,"column":47},"end":{"line":171,"column":47}},{"start":{"line":171,"column":47},"end":{"line":171,"column":47}}]},"11":{"line":175,"type":"if","locations":[{"start":{"line":175,"column":51},"end":{"line":175,"column":51}},{"start":{"line":175,"column":51},"end":{"line":175,"column":51}}]},"12":{"line":176,"type":"if","locations":[{"start":{"line":176,"column":8},"end":{"line":176,"column":8}},{"start":{"line":176,"column":8},"end":{"line":176,"column":8}}]},"13":{"line":185,"type":"if","locations":[{"start":{"line":185,"column":15},"end":{"line":185,"column":15}},{"start":{"line":185,"column":15},"end":{"line":185,"column":15}}]},"14":{"line":192,"type":"if","locations":[{"start":{"line":192,"column":54},"end":{"line":192,"column":54}},{"start":{"line":192,"column":54},"end":{"line":192,"column":54}}]},"15":{"line":205,"type":"if","locations":[{"start":{"line":205,"column":15},"end":{"line":205,"column":15}},{"start":{"line":205,"column":15},"end":{"line":205,"column":15}}]},"16":{"line":207,"type":"if","locations":[{"start":{"line":207,"column":8},"end":{"line":207,"column":8}},{"start":{"line":207,"column":8},"end":{"line":207,"column":8}}]},"17":{"line":214,"type":"if","locations":[{"start":{"line":214,"column":51},"end":{"line":214,"column":51}},{"start":{"line":214,"column":51},"end":{"line":214,"column":51}}]}}},
"contracts/LPToken.sol":{"l":{"9":3,"13":1},"path":"/Users/cartlex/audit/testtask2/1/contracts/LPToken.sol","s":{"1":1},"b":{},"f":{"1":3,"2":1},"fnMap":{"1":{"name":"constructor","line":8,"loc":{"start":{"line":8,"column":4},"end":{"line":10,"column":4}}},"2":{"name":"mint","line":12,"loc":{"start":{"line":12,"column":4},"end":{"line":14,"column":4}}}},"statementMap":{"1":{"start":{"line":13,"column":8},"end":{"line":13,"column":29}}},"branchMap":{}},
"contracts/RoleContract.sol":{"l":{"51":6,"52":6,"56":6,"57":6,"71":0,"72":0,"73":0,"82":41,"83":15,"85":26,"91":14,"96":0,"101":12,"110":0,"111":0,"113":0,"114":0,"116":0,"118":0,"128":6,"129":3,"131":0,"133":3,"139":0,"144":0,"148":0,"153":0,"154":0,"159":0,"167":3,"169":3,"170":3,"172":3,"173":9},"path":"/Users/cartlex/audit/testtask2/1/contracts/RoleContract.sol","s":{"1":6,"2":6,"3":0,"4":0,"5":0,"6":41,"7":15,"8":26,"9":14,"10":0,"11":12,"12":0,"13":0,"14":0,"15":6,"16":3,"17":0,"18":3,"19":3},"b":{"1":[6,0],"2":[6,0],"3":[6,0],"4":[15,26],"5":[0,0],"6":[0,0],"7":[0,0],"8":[0,0],"9":[6,0],"10":[6,0],"11":[3,3],"12":[0,3],"13":[0,0],"14":[0,0],"15":[0,0],"16":[0,0],"17":[0,0],"18":[0,0],"19":[3,0]},"f":{"1":6,"2":6,"3":0,"4":41,"5":14,"6":0,"7":12,"8":0,"9":6,"10":0,"11":0,"12":0,"13":0,"14":0,"15":3},"fnMap":{"1":{"name":"isRoleExist","line":50,"loc":{"start":{"line":50,"column":4},"end":{"line":53,"column":4}}},"2":{"name":"onlyManager","line":55,"loc":{"start":{"line":55,"column":4},"end":{"line":58,"column":4}}},"3":{"name":"verifySignedAddressForRoles","line":64,"loc":{"start":{"line":64,"column":4},"end":{"line":74,"column":4}}},"4":{"name":"getRole","line":81,"loc":{"start":{"line":81,"column":4},"end":{"line":87,"column":4}}},"5":{"name":"getRoleNumber","line":90,"loc":{"start":{"line":90,"column":4},"end":{"line":92,"column":4}}},"6":{"name":"getDeadline","line":95,"loc":{"start":{"line":95,"column":4},"end":{"line":97,"column":4}}},"7":{"name":"getAmounts","line":100,"loc":{"start":{"line":100,"column":4},"end":{"line":102,"column":4}}},"8":{"name":"offChainPay","line":109,"loc":{"start":{"line":109,"column":4},"end":{"line":120,"column":4}}},"9":{"name":"giveRole","line":127,"loc":{"start":{"line":127,"column":4},"end":{"line":135,"column":4}}},"10":{"name":"refundRole","line":138,"loc":{"start":{"line":138,"column":4},"end":{"line":140,"column":4}}},"11":{"name":"setPublicKey","line":143,"loc":{"start":{"line":143,"column":4},"end":{"line":145,"column":4}}},"12":{"name":"setManager","line":147,"loc":{"start":{"line":147,"column":4},"end":{"line":149,"column":4}}},"13":{"name":"makeNewRole","line":152,"loc":{"start":{"line":152,"column":4},"end":{"line":155,"column":4}}},"14":{"name":"deleteRole","line":158,"loc":{"start":{"line":158,"column":4},"end":{"line":160,"column":4}}},"15":{"name":"initialize","line":166,"loc":{"start":{"line":166,"column":4},"end":{"line":175,"column":4}}}},"statementMap":{"1":{"start":{"line":51,"column":8},"end":{"line":51,"column":47}},"2":{"start":{"line":56,"column":8},"end":{"line":56,"column":68}},"3":{"start":{"line":71,"column":8},"end":{"line":71,"column":185}},"4":{"start":{"line":72,"column":8},"end":{"line":72,"column":67}},"5":{"start":{"line":73,"column":8},"end":{"line":73,"column":34}},"6":{"start":{"line":82,"column":8},"end":{"line":82,"column":2326}},"7":{"start":{"line":83,"column":12},"end":{"line":83,"column":31}},"8":{"start":{"line":85,"column":12},"end":{"line":85,"column":51}},"9":{"start":{"line":91,"column":8},"end":{"line":91,"column":40}},"10":{"start":{"line":96,"column":8},"end":{"line":96,"column":40}},"11":{"start":{"line":101,"column":8},"end":{"line":101,"column":67}},"12":{"start":{"line":110,"column":8},"end":{"line":110,"column":75}},"13":{"start":{"line":113,"column":8},"end":{"line":113,"column":3428}},"14":{"start":{"line":115,"column":15},"end":{"line":115,"column":3629}},"15":{"start":{"line":128,"column":8},"end":{"line":128,"column":4115}},"16":{"start":{"line":130,"column":15},"end":{"line":130,"column":4306}},"17":{"start":{"line":153,"column":8},"end":{"line":153,"column":45}},"18":{"start":{"line":167,"column":8},"end":{"line":167,"column":23}},"19":{"start":{"line":172,"column":8},"end":{"line":172,"column":5617}}},"branchMap":{"1":{"line":51,"type":"if","locations":[{"start":{"line":51,"column":8},"end":{"line":51,"column":8}},{"start":{"line":51,"column":8},"end":{"line":51,"column":8}}]},"2":{"line":56,"type":"if","locations":[{"start":{"line":56,"column":8},"end":{"line":56,"column":8}},{"start":{"line":56,"column":8},"end":{"line":56,"column":8}}]},"3":{"line":56,"type":"cond-expr","locations":[{"start":{"line":56,"column":16},"end":{"line":56,"column":36}},{"start":{"line":56,"column":41},"end":{"line":56,"column":61}}]},"4":{"line":82,"type":"if","locations":[{"start":{"line":82,"column":8},"end":{"line":82,"column":8}},{"start":{"line":82,"column":8},"end":{"line":82,"column":8}}]},"5":{"line":109,"type":"if","locations":[{"start":{"line":109,"column":98},"end":{"line":109,"column":98}},{"start":{"line":109,"column":98},"end":{"line":109,"column":98}}]},"6":{"line":110,"type":"if","locations":[{"start":{"line":110,"column":8},"end":{"line":110,"column":8}},{"start":{"line":110,"column":8},"end":{"line":110,"column":8}}]},"7":{"line":113,"type":"if","locations":[{"start":{"line":113,"column":8},"end":{"line":113,"column":8}},{"start":{"line":113,"column":8},"end":{"line":113,"column":8}}]},"8":{"line":115,"type":"if","locations":[{"start":{"line":115,"column":15},"end":{"line":115,"column":15}},{"start":{"line":115,"column":15},"end":{"line":115,"column":15}}]},"9":{"line":127,"type":"if","locations":[{"start":{"line":127,"column":76},"end":{"line":127,"column":76}},{"start":{"line":127,"column":76},"end":{"line":127,"column":76}}]},"10":{"line":127,"type":"if","locations":[{"start":{"line":127,"column":88},"end":{"line":127,"column":88}},{"start":{"line":127,"column":88},"end":{"line":127,"column":88}}]},"11":{"line":128,"type":"if","locations":[{"start":{"line":128,"column":8},"end":{"line":128,"column":8}},{"start":{"line":128,"column":8},"end":{"line":128,"column":8}}]},"12":{"line":130,"type":"if","locations":[{"start":{"line":130,"column":15},"end":{"line":130,"column":15}},{"start":{"line":130,"column":15},"end":{"line":130,"column":15}}]},"13":{"line":138,"type":"if","locations":[{"start":{"line":138,"column":48},"end":{"line":138,"column":48}},{"start":{"line":138,"column":48},"end":{"line":138,"column":48}}]},"14":{"line":143,"type":"if","locations":[{"start":{"line":143,"column":55},"end":{"line":143,"column":55}},{"start":{"line":143,"column":55},"end":{"line":143,"column":55}}]},"15":{"line":147,"type":"if","locations":[{"start":{"line":147,"column":51},"end":{"line":147,"column":51}},{"start":{"line":147,"column":51},"end":{"line":147,"column":51}}]},"16":{"line":152,"type":"if","locations":[{"start":{"line":152,"column":89},"end":{"line":152,"column":89}},{"start":{"line":152,"column":89},"end":{"line":152,"column":89}}]},"17":{"line":153,"type":"if","locations":[{"start":{"line":153,"column":8},"end":{"line":153,"column":8}},{"start":{"line":153,"column":8},"end":{"line":153,"column":8}}]},"18":{"line":158,"type":"if","locations":[{"start":{"line":158,"column":48},"end":{"line":158,"column":48}},{"start":{"line":158,"column":48},"end":{"line":158,"column":48}}]},"19":{"line":166,"type":"if","locations":[{"start":{"line":166,"column":97},"end":{"line":166,"column":97}},{"start":{"line":166,"column":97},"end":{"line":166,"column":97}}]}}},
"contracts/TransferHelper.sol":{"l":{"13":6,"16":6,"25":6,"28":6,"32":0,"33":0,"39":0,"42":0,"43":0},"path":"/Users/cartlex/audit/testtask2/1/contracts/TransferHelper.sol","s":{"1":6,"2":6,"3":6,"4":6,"5":0,"6":0,"7":0,"8":0,"9":0},"b":{"1":[6,0],"2":[0,6],"3":[6,0],"4":[0,6],"5":[0,0],"6":[0,0]},"f":{"1":6,"2":6,"3":0,"4":0},"fnMap":{"1":{"name":"safeTransfer","line":8,"loc":{"start":{"line":8,"column":4},"end":{"line":17,"column":4}}},"2":{"name":"safeTransferFrom","line":19,"loc":{"start":{"line":19,"column":4},"end":{"line":29,"column":4}}},"3":{"name":"safeTransferETH","line":31,"loc":{"start":{"line":31,"column":4},"end":{"line":34,"column":4}}},"4":{"name":"safeGetDecimals","line":36,"loc":{"start":{"line":36,"column":4},"end":{"line":44,"column":4}}}},"statementMap":{"1":{"start":{"line":13,"column":8},"end":{"line":13,"column":282}},"2":{"start":{"line":16,"column":8},"end":{"line":16,"column":79}},"3":{"start":{"line":25,"column":8},"end":{"line":25,"column":645}},"4":{"start":{"line":28,"column":8},"end":{"line":28,"column":80}},"5":{"start":{"line":32,"column":8},"end":{"line":32,"column":62}},"6":{"start":{"line":33,"column":8},"end":{"line":33,"column":30}},"7":{"start":{"line":39,"column":8},"end":{"line":39,"column":1140}},"8":{"start":{"line":42,"column":8},"end":{"line":42,"column":49}},"9":{"start":{"line":43,"column":8},"end":{"line":43,"column":40}}},"branchMap":{"1":{"line":16,"type":"if","locations":[{"start":{"line":16,"column":8},"end":{"line":16,"column":8}},{"start":{"line":16,"column":8},"end":{"line":16,"column":8}}]},"2":{"line":16,"type":"cond-expr","locations":[{"start":{"line":16,"column":28},"end":{"line":16,"column":43}},{"start":{"line":16,"column":48},"end":{"line":16,"column":71}}]},"3":{"line":28,"type":"if","locations":[{"start":{"line":28,"column":8},"end":{"line":28,"column":8}},{"start":{"line":28,"column":8},"end":{"line":28,"column":8}}]},"4":{"line":28,"type":"cond-expr","locations":[{"start":{"line":28,"column":28},"end":{"line":28,"column":43}},{"start":{"line":28,"column":48},"end":{"line":28,"column":71}}]},"5":{"line":33,"type":"if","locations":[{"start":{"line":33,"column":8},"end":{"line":33,"column":8}},{"start":{"line":33,"column":8},"end":{"line":33,"column":8}}]},"6":{"line":42,"type":"if","locations":[{"start":{"line":42,"column":8},"end":{"line":42,"column":8}},{"start":{"line":42,"column":8},"end":{"line":42,"column":8}}]}}},
"contracts/USD.sol":{"l":{"10":10},"path":"/Users/cartlex/audit/testtask2/1/contracts/USD.sol","s":{"1":10},"b":{},"f":{"1":3,"2":10},"fnMap":{"1":{"name":"constructor","line":7,"loc":{"start":{"line":7,"column":4},"end":{"line":7,"column":39}}},"2":{"name":"mint","line":9,"loc":{"start":{"line":9,"column":4},"end":{"line":11,"column":4}}}},"statementMap":{"1":{"start":{"line":10,"column":8},"end":{"line":10,"column":29}}},"branchMap":{}}}
