TN:
SF:/Users/cartlex/audit/testtask2/1/contracts/interfaces/IRoleContract.sol
FNF:0
FNH:0
LF:0
LH:0
BRF:0
BRH:0
end_of_record
TN:
SF:/Users/cartlex/audit/testtask2/1/contracts/investPool.sol
FN:56,onlyManager
FN:65,constructor
FN:96,buy
FN:148,setMaxAmountToSell
FN:154,setRoleSetting
FN:171,setPrice
FN:175,setBaseFee
FN:185,updateSettings
FN:192,depositLPtoken
FN:205,withdrawLPtoken
FN:214,setManager
FNF:11
FNH:4
FNDA:3,onlyManager
FNDA:3,constructor
FNDA:11,buy
FNDA:0,setMaxAmountToSell
FNDA:3,setRoleSetting
FNDA:0,setPrice
FNDA:0,setBaseFee
FNDA:0,updateSettings
FNDA:0,depositLPtoken
FNDA:0,withdrawLPtoken
FNDA:0,setManager
DA:57,3
DA:58,3
DA:76,3
DA:78,3
DA:79,3
DA:80,3
DA:81,3
DA:82,3
DA:84,3
DA:85,3
DA:86,3
DA:87,3
DA:89,3
DA:97,11
DA:98,11
DA:101,11
DA:103,11
DA:107,11
DA:110,11
DA:116,10
DA:121,8
DA:126,7
DA:128,6
DA:135,6
DA:136,6
DA:137,6
DA:138,6
DA:139,6
DA:141,6
DA:149,0
DA:156,3
DA:157,9
DA:160,9
DA:163,9
DA:165,9
DA:172,0
DA:176,0
DA:177,0
DA:186,0
DA:187,0
DA:188,0
DA:189,0
DA:193,0
DA:199,0
DA:206,0
DA:207,0
DA:208,0
DA:210,0
DA:215,0
LF:49
LH:34
BRDA:57,1,0,3
BRDA:57,1,1,0
BRDA:57,2,0,0
BRDA:57,2,1,3
BRDA:76,3,0,3
BRDA:76,3,1,0
BRDA:110,4,0,10
BRDA:110,4,1,1
BRDA:116,5,0,8
BRDA:116,5,1,2
BRDA:121,6,0,7
BRDA:121,6,1,1
BRDA:126,7,0,6
BRDA:126,7,1,1
BRDA:148,8,0,0
BRDA:148,8,1,0
BRDA:154,9,0,3
BRDA:154,9,1,0
BRDA:171,10,0,0
BRDA:171,10,1,0
BRDA:175,11,0,0
BRDA:175,11,1,0
BRDA:176,12,0,0
BRDA:176,12,1,0
BRDA:185,13,0,0
BRDA:185,13,1,0
BRDA:192,14,0,0
BRDA:192,14,1,0
BRDA:205,15,0,0
BRDA:205,15,1,0
BRDA:207,16,0,0
BRDA:207,16,1,0
BRDA:214,17,0,0
BRDA:214,17,1,0
BRF:34
BRH:12
end_of_record
TN:
SF:/Users/cartlex/audit/testtask2/1/contracts/LPToken.sol
FN:8,constructor
FN:12,mint
FNF:2
FNH:2
FNDA:3,constructor
FNDA:1,mint
DA:9,3
DA:13,1
LF:2
LH:2
BRF:0
BRH:0
end_of_record
TN:
SF:/Users/cartlex/audit/testtask2/1/contracts/RoleContract.sol
FN:50,isRoleExist
FN:55,onlyManager
FN:64,verifySignedAddressForRoles
FN:81,getRole
FN:90,getRoleNumber
FN:95,getDeadline
FN:100,getAmounts
FN:109,offChainPay
FN:127,giveRole
FN:138,refundRole
FN:143,setPublicKey
FN:147,setManager
FN:152,makeNewRole
FN:158,deleteRole
FN:166,initialize
FNF:15
FNH:7
FNDA:6,isRoleExist
FNDA:6,onlyManager
FNDA:0,verifySignedAddressForRoles
FNDA:41,getRole
FNDA:14,getRoleNumber
FNDA:0,getDeadline
FNDA:12,getAmounts
FNDA:0,offChainPay
FNDA:6,giveRole
FNDA:0,refundRole
FNDA:0,setPublicKey
FNDA:0,setManager
FNDA:0,makeNewRole
FNDA:0,deleteRole
FNDA:3,initialize
DA:51,6
DA:52,6
DA:56,6
DA:57,6
DA:71,0
DA:72,0
DA:73,0
DA:82,41
DA:83,15
DA:85,26
DA:91,14
DA:96,0
DA:101,12
DA:110,0
DA:111,0
DA:113,0
DA:114,0
DA:116,0
DA:118,0
DA:128,6
DA:129,3
DA:131,0
DA:133,3
DA:139,0
DA:144,0
DA:148,0
DA:153,0
DA:154,0
DA:159,0
DA:167,3
DA:169,3
DA:170,3
DA:172,3
DA:173,9
LF:34
LH:17
BRDA:51,1,0,6
BRDA:51,1,1,0
BRDA:56,2,0,6
BRDA:56,2,1,0
BRDA:56,3,0,6
BRDA:56,3,1,0
BRDA:82,4,0,15
BRDA:82,4,1,26
BRDA:109,5,0,0
BRDA:109,5,1,0
BRDA:110,6,0,0
BRDA:110,6,1,0
BRDA:113,7,0,0
BRDA:113,7,1,0
BRDA:115,8,0,0
BRDA:115,8,1,0
BRDA:127,9,0,6
BRDA:127,9,1,0
BRDA:127,10,0,6
BRDA:127,10,1,0
BRDA:128,11,0,3
BRDA:128,11,1,3
BRDA:130,12,0,0
BRDA:130,12,1,3
BRDA:138,13,0,0
BRDA:138,13,1,0
BRDA:143,14,0,0
BRDA:143,14,1,0
BRDA:147,15,0,0
BRDA:147,15,1,0
BRDA:152,16,0,0
BRDA:152,16,1,0
BRDA:153,17,0,0
BRDA:153,17,1,0
BRDA:158,18,0,0
BRDA:158,18,1,0
BRDA:166,19,0,3
BRDA:166,19,1,0
BRF:38
BRH:11
end_of_record
TN:
SF:/Users/cartlex/audit/testtask2/1/contracts/TransferHelper.sol
FN:8,safeTransfer
FN:19,safeTransferFrom
FN:31,safeTransferETH
FN:36,safeGetDecimals
FNF:4
FNH:2
FNDA:6,safeTransfer
FNDA:6,safeTransferFrom
FNDA:0,safeTransferETH
FNDA:0,safeGetDecimals
DA:13,6
DA:16,6
DA:25,6
DA:28,6
DA:32,0
DA:33,0
DA:39,0
DA:42,0
DA:43,0
LF:9
LH:4
BRDA:16,1,0,6
BRDA:16,1,1,0
BRDA:16,2,0,0
BRDA:16,2,1,6
BRDA:28,3,0,6
BRDA:28,3,1,0
BRDA:28,4,0,0
BRDA:28,4,1,6
BRDA:33,5,0,0
BRDA:33,5,1,0
BRDA:42,6,0,0
BRDA:42,6,1,0
BRF:12
BRH:4
end_of_record
TN:
SF:/Users/cartlex/audit/testtask2/1/contracts/USD.sol
FN:7,constructor
FN:9,mint
FNF:2
FNH:2
FNDA:3,constructor
FNDA:10,mint
DA:10,10
LF:1
LH:1
BRF:0
BRH:0
end_of_record
